[NX Daemon Server] - 2024-05-13T03:00:50.935Z - Started listening on: /var/folders/mv/q69z68wj2glfwrtlnsq_6n3h0000gn/T/a08f6e200864e0683524/d.sock
[NX Daemon Server] - 2024-05-13T03:00:50.937Z - [WATCHER]: Subscribed to changes within: /Users/j.bosque/Desktop/decazen-system (native)
[NX Daemon Server] - 2024-05-13T03:00:50.943Z - Established a connection. Number of open connections: 1
[NX Daemon Server] - 2024-05-13T03:00:50.944Z - Established a connection. Number of open connections: 2
[NX Daemon Server] - 2024-05-13T03:00:50.946Z - Closed a connection. Number of open connections: 1
[NX Daemon Server] - 2024-05-13T03:00:50.947Z - [REQUEST]: Client Request for Project Graph Received
[NX Daemon Server] - 2024-05-13T03:00:51.115Z - [REQUEST]: Updated workspace context based on watched changes, recomputing project graph...
[NX Daemon Server] - 2024-05-13T03:00:51.115Z - [REQUEST]: 
[NX Daemon Server] - 2024-05-13T03:00:51.115Z - [REQUEST]: 
[NX Daemon Server] - 2024-05-13T03:00:53.911Z - Time taken for 'Load Nx Plugin: /Users/j.bosque/Desktop/decazen-system/node_modules/nx/src/plugins/project-json/build-nodes/package-json-next-to-project-json' 160.2385420203209ms
[NX Daemon Server] - 2024-05-13T03:00:54.474Z - [REQUEST]: Responding to the client. project-graph
[NX Daemon Server] - 2024-05-13T03:00:54.476Z - Time taken for 'total for creating and serializing project graph' 3526.702834010124ms
[NX Daemon Server] - 2024-05-13T03:00:54.480Z - Done responding to the client project-graph
[NX Daemon Server] - 2024-05-13T03:00:54.480Z - Handled REQUEST_PROJECT_GRAPH. Handling time: 3527. Response time: 6.
[NX Daemon Server] - 2024-05-13T03:00:54.531Z - [REQUEST]: Responding to the client. handleHashTasks
[NX Daemon Server] - 2024-05-13T03:00:54.531Z - Time taken for 'Load Nx Plugin: /Users/j.bosque/Desktop/decazen-system/node_modules/nx/src/plugins/project-json/build-nodes/package-json-next-to-project-json' 1.4293749928474426ms
[NX Daemon Server] - 2024-05-13T03:00:54.531Z - Done responding to the client handleHashTasks
[NX Daemon Server] - 2024-05-13T03:00:54.532Z - Handled HASH_TASKS. Handling time: 17. Response time: 1.
[NX Daemon Server] - 2024-05-13T03:00:55.936Z - Established a connection. Number of open connections: 2
[NX Daemon Server] - 2024-05-13T03:00:56.070Z - Closed a connection. Number of open connections: 1
[NX Daemon Server] - 2024-05-13T03:00:56.071Z - Established a connection. Number of open connections: 2
[NX Daemon Server] - 2024-05-13T03:00:56.072Z - [REQUEST]: Client Request for Project Graph Received
[NX Daemon Server] - 2024-05-13T03:00:56.072Z - [REQUEST]: Responding to the client. project-graph
[NX Daemon Server] - 2024-05-13T03:00:56.074Z - Time taken for 'total for creating and serializing project graph' 0.6399999856948853ms
[NX Daemon Server] - 2024-05-13T03:00:56.076Z - Done responding to the client project-graph
[NX Daemon Server] - 2024-05-13T03:00:56.076Z - Handled REQUEST_PROJECT_GRAPH. Handling time: 0. Response time: 4.
[NX Daemon Server] - 2024-05-13T03:00:57.052Z - Established a connection. Number of open connections: 3
[NX Daemon Server] - 2024-05-13T03:00:57.055Z - Closed a connection. Number of open connections: 2
[NX Daemon Server] - 2024-05-13T03:00:57.055Z - Established a connection. Number of open connections: 3
[NX Daemon Server] - 2024-05-13T03:00:57.056Z - [REQUEST]: Client Request for Project Graph Received
[NX Daemon Server] - 2024-05-13T03:00:57.056Z - [REQUEST]: Responding to the client. project-graph
[NX Daemon Server] - 2024-05-13T03:00:57.058Z - Time taken for 'total for creating and serializing project graph' 0.551334023475647ms
[NX Daemon Server] - 2024-05-13T03:00:57.059Z - Done responding to the client project-graph
[NX Daemon Server] - 2024-05-13T03:00:57.059Z - Handled REQUEST_PROJECT_GRAPH. Handling time: 0. Response time: 3.
[NX Daemon Server] - 2024-05-13T03:00:57.164Z - [REQUEST]: Client Request for Project Graph Received
[NX Daemon Server] - 2024-05-13T03:00:57.165Z - [REQUEST]: Responding to the client. project-graph
[NX Daemon Server] - 2024-05-13T03:00:57.167Z - Time taken for 'total for creating and serializing project graph' 0.746291995048523ms
[NX Daemon Server] - 2024-05-13T03:00:57.167Z - Done responding to the client project-graph
[NX Daemon Server] - 2024-05-13T03:00:57.168Z - Handled REQUEST_PROJECT_GRAPH. Handling time: 1. Response time: 2.
